<?xml version="1.0" encoding="UTF-8"?>
<!-- Generated by org.testng.reporters.JUnitReportReporter -->
<testsuite hostname="naveen-PC" name="Selenium.Selenium.App" tests="1" failures="0" timestamp="27 Dec 2020 10:49:34 GMT" time="71.960" errors="0">
  <testcase name="main" time="71.960" classname="Selenium.Selenium.App"/>
</testsuite> <!-- Selenium.Selenium.App -->
