<?xml version="1.0" encoding="UTF-8"?>
<!-- Generated by org.testng.reporters.JUnitReportReporter -->
<testsuite hostname="naveen-PC" name="Selenium.Selenium.App" tests="1" failures="0" timestamp="26 Dec 2020 06:08:34 GMT" time="19.531" errors="0">
  <testcase name="main" time="19.531" classname="Selenium.Selenium.App"/>
</testsuite> <!-- Selenium.Selenium.App -->
