<?xml version="1.0" encoding="UTF-8"?>
<!-- Generated by org.testng.reporters.JUnitReportReporter -->
<testsuite hostname="naveen-PC" name="Selenium.Selenium.App" tests="1" failures="0" timestamp="27 Dec 2020 12:08:16 GMT" time="85.350" errors="0">
  <testcase name="main" time="85.350" classname="Selenium.Selenium.App"/>
</testsuite> <!-- Selenium.Selenium.App -->
